<?xml version="1.0" encoding="UTF-8"?>
<!-- Generated by org.testng.reporters.JUnitReportReporter -->
<testsuite hostname="Oksanas-MacBook-Pro.local" failures="0" tests="1" name="com.diprella.tests.OpenSignUpPageTest" time="0.023" errors="0" timestamp="8 Nov 2018 18:44:26 GMT">
  <testcase classname="com.diprella.tests.OpenSignUpPageTest" name="testTest" time="0.023"/>
</testsuite> <!-- com.diprella.tests.OpenSignUpPageTest -->
