<?xml version="1.0" encoding="UTF-8"?>
<!-- Generated by org.testng.reporters.JUnitReportReporter -->
<testsuite hostname="Oksanas-MacBook-Pro.local" failures="0" tests="1" name="com.diprella.tests.OpenSignUpPageTest" time="0.043" errors="0" timestamp="11 Nov 2018 14:14:13 GMT">
  <testcase classname="com.diprella.tests.OpenSignUpPageTest" name="testTest" time="0.043"/>
</testsuite> <!-- com.diprella.tests.OpenSignUpPageTest -->
